<?xml version="1.0" encoding="UTF-8"?>
<!-- Generated by org.testng.reporters.JUnitXMLReporter -->
<testsuite ignored="0" hostname="KANINI-LTP-844" failures="1" tests="3" name="Test" time="27.447" errors="0" timestamp="2025-06-16T18:58:30 IST">
  <testcase classname="tests.Functional_Appointment_TC" name="TC00_VerifyLoginRedirectsToAppointmentPage" time="0.016">
    <failure type="java.lang.AssertionError" message="Appointment page is not displayed expected [true] but found [false]">
      <![CDATA[java.lang.AssertionError: Appointment page is not displayed expected [true] but found [false]
at tests.Functional_Appointment_TC.TC00_VerifyLoginRedirectsToAppointmentPage(Functional_Appointment_TC.java:31)
at java.base/java.util.ArrayList.forEach(ArrayList.java:1596)
... Removed 28 stack frames]]>
    </failure>
  </testcase> <!-- TC00_VerifyLoginRedirectsToAppointmentPage -->
  <testcase classname="tests.Functional_Appointment_TC" name="TC01_BookAppointment_ShouldShowConfirmation" time="1.388"/>
  <testcase classname="tests.LoginNegativeTest" name="TC_03_Login_WithInvalidCredentials_ShouldShowErrorMessage" time="0.77"/>
</testsuite> <!-- Test -->
