<?xml version="1.0" encoding="UTF-8"?>
<!-- Generated by org.testng.reporters.JUnitXMLReporter -->
<testsuite ignored="0" hostname="KANINI-LTP-844" failures="0" tests="5" name="Test" time="47.236" errors="0" timestamp="2025-07-10T23:32:49 IST">
  <testcase classname="tests.AppointmentNegativeTest" name="TC_05_AppointmentWithoutDate_ShouldNotProceed" time="12.377"/>
  <testcase classname="tests.DropdownValidationTest" name="TC_06_ValidateHealthcareCenterDropdownOptions" time="0.992"/>
  <testcase classname="tests.Functional_Appointment_TC" name="TC00_VerifyLoginRedirectsToAppointmentPage" time="0.758"/>
  <testcase classname="tests.Functional_Appointment_TC" name="TC01_BookAppointment_ShouldShowConfirmation" time="0.931"/>
  <testcase classname="tests.LogoutTest" name="TC_04_Logout_ShouldRedirectToHomePage" time="1.876"/>
</testsuite> <!-- Test -->
