<?xml version="1.0" encoding="UTF-8"?>
<testng-results ignored="0" total="5" passed="5" failed="0" skipped="0">
  <reporter-output>
  </reporter-output>
  <suite started-at="2025-07-10T23:32:01 IST" name="Suite" finished-at="2025-07-10T23:32:49 IST" duration-ms="47236">
    <groups>
    </groups>
    <test started-at="2025-07-10T23:32:01 IST" name="Test" finished-at="2025-07-10T23:32:49 IST" duration-ms="47236">
      <class name="tests.AppointmentNegativeTest">
        <test-method is-config="true" signature="setup()[pri:0, instance:tests.AppointmentNegativeTest@7fc4780b]" started-at="2025-07-10T23:32:01 IST" name="setup" finished-at="2025-07-10T23:32:08 IST" duration-ms="6340" status="PASS">
          <reporter-output>
          </reporter-output>
        </test-method> <!-- setup -->
        <test-method signature="TC_05_AppointmentWithoutDate_ShouldNotProceed()[pri:0, instance:tests.AppointmentNegativeTest@7fc4780b]" started-at="2025-07-10T23:32:08 IST" name="TC_05_AppointmentWithoutDate_ShouldNotProceed" finished-at="2025-07-10T23:32:20 IST" duration-ms="12377" status="PASS">
          <reporter-output>
          </reporter-output>
        </test-method> <!-- TC_05_AppointmentWithoutDate_ShouldNotProceed -->
        <test-method is-config="true" signature="tearDown()[pri:0, instance:tests.AppointmentNegativeTest@7fc4780b]" started-at="2025-07-10T23:32:20 IST" name="tearDown" finished-at="2025-07-10T23:32:20 IST" duration-ms="308" status="PASS">
          <reporter-output>
          </reporter-output>
        </test-method> <!-- tearDown -->
      </class> <!-- tests.AppointmentNegativeTest -->
      <class name="tests.Functional_Appointment_TC">
        <test-method is-config="true" signature="setup()[pri:0, instance:tests.Functional_Appointment_TC@45ac5f9b]" started-at="2025-07-10T23:32:27 IST" name="setup" finished-at="2025-07-10T23:32:32 IST" duration-ms="5325" status="PASS">
          <reporter-output>
          </reporter-output>
        </test-method> <!-- setup -->
        <test-method is-config="true" signature="loginToApp()[pri:0, instance:tests.Functional_Appointment_TC@45ac5f9b]" started-at="2025-07-10T23:32:32 IST" name="loginToApp" finished-at="2025-07-10T23:32:32 IST" duration-ms="199" status="PASS">
          <reporter-output>
          </reporter-output>
        </test-method> <!-- loginToApp -->
        <test-method signature="TC00_VerifyLoginRedirectsToAppointmentPage()[pri:1, instance:tests.Functional_Appointment_TC@45ac5f9b]" started-at="2025-07-10T23:32:32 IST" name="TC00_VerifyLoginRedirectsToAppointmentPage" finished-at="2025-07-10T23:32:33 IST" duration-ms="758" status="PASS">
          <reporter-output>
          </reporter-output>
        </test-method> <!-- TC00_VerifyLoginRedirectsToAppointmentPage -->
        <test-method is-config="true" signature="tearDown()[pri:0, instance:tests.Functional_Appointment_TC@45ac5f9b]" started-at="2025-07-10T23:32:33 IST" name="tearDown" finished-at="2025-07-10T23:32:33 IST" duration-ms="272" status="PASS">
          <reporter-output>
          </reporter-output>
        </test-method> <!-- tearDown -->
        <test-method is-config="true" signature="setup()[pri:0, instance:tests.Functional_Appointment_TC@45ac5f9b]" started-at="2025-07-10T23:32:33 IST" name="setup" finished-at="2025-07-10T23:32:39 IST" duration-ms="5351" status="PASS">
          <reporter-output>
          </reporter-output>
        </test-method> <!-- setup -->
        <test-method is-config="true" signature="loginToApp()[pri:0, instance:tests.Functional_Appointment_TC@45ac5f9b]" started-at="2025-07-10T23:32:39 IST" name="loginToApp" finished-at="2025-07-10T23:32:40 IST" duration-ms="863" status="PASS">
          <reporter-output>
          </reporter-output>
        </test-method> <!-- loginToApp -->
        <test-method signature="TC01_BookAppointment_ShouldShowConfirmation()[pri:2, instance:tests.Functional_Appointment_TC@45ac5f9b]" started-at="2025-07-10T23:32:40 IST" name="TC01_BookAppointment_ShouldShowConfirmation" finished-at="2025-07-10T23:32:41 IST" duration-ms="931" status="PASS">
          <reporter-output>
          </reporter-output>
        </test-method> <!-- TC01_BookAppointment_ShouldShowConfirmation -->
        <test-method is-config="true" signature="tearDown()[pri:0, instance:tests.Functional_Appointment_TC@45ac5f9b]" started-at="2025-07-10T23:32:41 IST" name="tearDown" finished-at="2025-07-10T23:32:41 IST" duration-ms="274" status="PASS">
          <reporter-output>
          </reporter-output>
        </test-method> <!-- tearDown -->
      </class> <!-- tests.Functional_Appointment_TC -->
      <class name="tests.DropdownValidationTest">
        <test-method is-config="true" signature="setup()[pri:0, instance:tests.DropdownValidationTest@6d7fc27]" started-at="2025-07-10T23:32:20 IST" name="setup" finished-at="2025-07-10T23:32:26 IST" duration-ms="5165" status="PASS">
          <reporter-output>
          </reporter-output>
        </test-method> <!-- setup -->
        <test-method signature="TC_06_ValidateHealthcareCenterDropdownOptions()[pri:0, instance:tests.DropdownValidationTest@6d7fc27]" started-at="2025-07-10T23:32:26 IST" name="TC_06_ValidateHealthcareCenterDropdownOptions" finished-at="2025-07-10T23:32:27 IST" duration-ms="992" status="PASS">
          <reporter-output>
          </reporter-output>
        </test-method> <!-- TC_06_ValidateHealthcareCenterDropdownOptions -->
        <test-method is-config="true" signature="tearDown()[pri:0, instance:tests.DropdownValidationTest@6d7fc27]" started-at="2025-07-10T23:32:27 IST" name="tearDown" finished-at="2025-07-10T23:32:27 IST" duration-ms="253" status="PASS">
          <reporter-output>
          </reporter-output>
        </test-method> <!-- tearDown -->
      </class> <!-- tests.DropdownValidationTest -->
      <class name="tests.LogoutTest">
        <test-method is-config="true" signature="setup()[pri:0, instance:tests.LogoutTest@2b175c00]" started-at="2025-07-10T23:32:41 IST" name="setup" finished-at="2025-07-10T23:32:47 IST" duration-ms="5651" status="PASS">
          <reporter-output>
          </reporter-output>
        </test-method> <!-- setup -->
        <test-method signature="TC_04_Logout_ShouldRedirectToHomePage()[pri:0, instance:tests.LogoutTest@2b175c00]" started-at="2025-07-10T23:32:47 IST" name="TC_04_Logout_ShouldRedirectToHomePage" finished-at="2025-07-10T23:32:48 IST" duration-ms="1876" status="PASS">
          <reporter-output>
          </reporter-output>
        </test-method> <!-- TC_04_Logout_ShouldRedirectToHomePage -->
        <test-method is-config="true" signature="tearDown()[pri:0, instance:tests.LogoutTest@2b175c00]" started-at="2025-07-10T23:32:48 IST" name="tearDown" finished-at="2025-07-10T23:32:49 IST" duration-ms="242" status="PASS">
          <reporter-output>
          </reporter-output>
        </test-method> <!-- tearDown -->
      </class> <!-- tests.LogoutTest -->
    </test> <!-- Test -->
  </suite> <!-- Suite -->
</testng-results>
