<?xml version="1.0" encoding="UTF-8"?>
<!-- Generated by org.testng.reporters.JUnitXMLReporter -->
<testsuite ignored="0" hostname="KANINI-LTP-844" failures="0" tests="2" name="Test" time="16.837" errors="0" timestamp="2025-06-08T18:14:55 IST">
  <testcase classname="tests.Functional_Appointment_TC" name="@BeforeClass setupLogin" time="0.049">
    <failure type="java.lang.NullPointerException" message="Cannot invoke &amp;quot;pages.LoginPage.login_CURA(String, String)&amp;quot; because &amp;quot;this.login&amp;quot; is null">
      <![CDATA[java.lang.NullPointerException: Cannot invoke "pages.LoginPage.login_CURA(String, String)" because "this.login" is null
at tests.Functional_Appointment_TC.setupLogin(Functional_Appointment_TC.java:28)
at java.base/java.util.ArrayList.forEach(ArrayList.java:1596)
... Removed 23 stack frames]]>
    </failure>
  </testcase> <!-- @BeforeClass setupLogin -->
  <testcase classname="tests.Functional_Appointment_TC" name="TC01_BookAppointment_ShouldShowConfirmation" time="0.001">
    <skipped/>
  </testcase> <!-- TC01_BookAppointment_ShouldShowConfirmation -->
  <testcase classname="tests.LoginNegativeTest" name="TC_03_Login_WithInvalidCredentials_ShouldShowErrorMessage" time="1.195"/>
</testsuite> <!-- Test -->
